07/11/2022 12:17:00 PM format 'Launch Browser' -> 'Launch Browser'
07/11/2022 12:17:00 PM format 'User Enter Valid Credentials' -> 'User Enter Valid Credentials'
07/11/2022 12:17:00 PM format 'User Click on Login Button' -> 'User Click on Login Button'
07/11/2022 12:18:20 PM format 'Launch Browser' -> 'Launch Browser'
07/11/2022 12:18:20 PM format 'User Enter Valid Credentials' -> 'User Enter Valid Credentials'
07/11/2022 12:18:20 PM format 'User Click on Login Button' -> 'User Click on Login Button'
07/11/2022 12:30:03 PM format 'Launch Browser' -> 'Launch Browser'
07/11/2022 12:30:03 PM format 'User Enter Valid Credentials' -> 'User Enter Valid Credentials'
07/11/2022 12:30:03 PM format 'User Click on Login Button' -> 'User Click on Login Button'
07/11/2022 12:30:49 PM format 'Launch Browser' -> 'Launch Browser'
07/11/2022 12:30:49 PM format 'User Enter Valid Credentials' -> 'User Enter Valid Credentials'
07/11/2022 12:30:49 PM format 'User Click on Login Button' -> 'User Click on Login Button'
07/11/2022 12:30:54 PM **** Browser Launched ****
07/11/2022 12:30:54 PM **** Successfully Logged In ****
07/11/2022 12:31:05 PM **** User On Dashboard Page ****
07/11/2022 12:33:50 PM format 'Launch Browser' -> 'Launch Browser'
07/11/2022 12:33:50 PM format 'User Enter Valid Credentials' -> 'User Enter Valid Credentials'
07/11/2022 12:33:50 PM format 'User Click on Login Button' -> 'User Click on Login Button'
07/11/2022 12:34:37 PM format 'Launch Browser' -> 'Launch Browser'
07/11/2022 12:34:37 PM format 'User Enter Valid Credentials' -> 'User Enter Valid Credentials'
07/11/2022 12:34:37 PM format 'User Click on Login Button' -> 'User Click on Login Button'
07/11/2022 12:34:42 PM **** Browser Launched ****
07/11/2022 12:34:42 PM **** Successfully Logged In ****
07/11/2022 12:34:53 PM **** User On Dashboard Page ****
07/11/2022 12:34:59 PM format 'Launch Browser' -> 'Launch Browser'
07/11/2022 12:34:59 PM format 'User Enter Valid Credentials' -> 'User Enter Valid Credentials'
07/11/2022 12:34:59 PM format 'User Click on Login Button' -> 'User Click on Login Button'
07/11/2022 12:35:03 PM **** Browser Launched ****
07/11/2022 12:35:03 PM **** Successfully Logged In ****
07/11/2022 12:35:14 PM **** User On Dashboard Page ****
07/11/2022 11:10:13 PM format 'Launch Browser' -> 'Launch Browser'
07/11/2022 11:10:13 PM format 'User Enter Valid Credentials' -> 'User Enter Valid Credentials'
07/11/2022 11:10:13 PM format 'User Click on Login Button' -> 'User Click on Login Button'
07/11/2022 11:10:32 PM **** Browser Launched ****
07/11/2022 11:10:32 PM **** Successfully Logged In ****
07/11/2022 11:10:43 PM **** User On Dashboard Page ****
07/11/2022 11:16:09 PM format 'Launch Browser' -> 'Launch Browser'
07/11/2022 11:16:09 PM format 'User Enter Valid Credentials' -> 'User Enter Valid Credentials'
07/11/2022 11:16:09 PM format 'User Click on Login Button' -> 'User Click on Login Button'
07/11/2022 11:27:44 PM format 'Launch Browser' -> 'Launch Browser'
07/11/2022 11:27:44 PM format 'User Enter Valid Credentials' -> 'User Enter Valid Credentials'
07/11/2022 11:27:44 PM format 'User Click on Login Button' -> 'User Click on Login Button'
07/11/2022 11:27:44 PM format 'User Check Tutorialpoint Logo' -> 'User Check Tutorialpoint Logo'
07/11/2022 11:27:54 PM **** Browser Launched ****
07/11/2022 11:27:54 PM **** Successfully Logged In ****
07/11/2022 11:28:04 PM **** User On Dashboard Page ****
07/11/2022 11:28:49 PM format 'Launch Browser' -> 'Launch Browser'
07/11/2022 11:28:49 PM format 'User Enter Valid Credentials' -> 'User Enter Valid Credentials'
07/11/2022 11:28:49 PM format 'User Click on Login Button' -> 'User Click on Login Button'
07/11/2022 11:28:49 PM format 'User Check Tutorialpoint Logo' -> 'User Check Tutorialpoint Logo'
07/11/2022 11:28:55 PM **** Browser Launched ****
07/11/2022 11:28:55 PM **** Successfully Logged In ****
07/11/2022 11:29:06 PM **** User On Dashboard Page ****
07/11/2022 11:31:01 PM format 'Launch Browser' -> 'Launch Browser'
07/11/2022 11:31:01 PM format 'User Enter Valid Credentials' -> 'User Enter Valid Credentials'
07/11/2022 11:31:01 PM format 'User Click on Login Button' -> 'User Click on Login Button'
07/11/2022 11:31:01 PM format 'User Check Tutorialpoint Logo' -> 'User Check Tutorialpoint Logo'
07/11/2022 11:31:17 PM **** Browser Launched ****
07/11/2022 11:31:17 PM **** Successfully Logged In ****
07/11/2022 11:31:28 PM **** User On Dashboard Page ****
07/11/2022 11:34:54 PM format 'Launch Browser' -> 'Launch Browser'
07/11/2022 11:34:54 PM format 'User Enter Valid Credentials' -> 'User Enter Valid Credentials'
07/11/2022 11:34:54 PM format 'User Click on Login Button' -> 'User Click on Login Button'
07/11/2022 11:34:54 PM format 'User Check Tutorial-point Logo' -> 'User Check Tutorial-point Logo'
07/11/2022 11:35:02 PM **** Browser Launched ****
07/11/2022 11:35:02 PM **** Successfully Logged In ****
07/11/2022 11:35:13 PM **** User On Dashboard Page ****
07/11/2022 11:40:18 PM format 'Launch Browser' -> 'Launch Browser'
07/11/2022 11:40:18 PM format 'User Enter Valid Credentials' -> 'User Enter Valid Credentials'
07/11/2022 11:40:18 PM format 'User Click on Login Button' -> 'User Click on Login Button'
07/11/2022 11:40:18 PM format 'User Check Tutorial-point Logo' -> 'User Check Tutorial-point Logo'
07/11/2022 11:40:27 PM **** Browser Launched ****
07/11/2022 11:40:27 PM **** Successfully Logged In ****
07/11/2022 11:40:38 PM **** User On Dashboard Page ****
07/11/2022 11:41:53 PM format 'Launch Browser' -> 'Launch Browser'
07/11/2022 11:41:53 PM format 'User Enter Valid Credentials' -> 'User Enter Valid Credentials'
07/11/2022 11:41:53 PM format 'User Click on Login Button' -> 'User Click on Login Button'
07/11/2022 11:41:53 PM format 'User Check Tutorial-point Logo' -> 'User Check Tutorial-point Logo'
07/11/2022 11:41:59 PM **** Browser Launched ****
07/11/2022 11:41:59 PM **** Successfully Logged In ****
07/11/2022 11:42:09 PM **** User On Dashboard Page ****
07/11/2022 11:43:58 PM format 'Launch Browser' -> 'Launch Browser'
07/11/2022 11:43:58 PM format 'User Enter Valid Credentials' -> 'User Enter Valid Credentials'
07/11/2022 11:43:58 PM format 'User Click on Login Button' -> 'User Click on Login Button'
07/11/2022 11:43:58 PM format 'User Check Tutorial-point Logo' -> 'User Check Tutorial-point Logo'
07/11/2022 11:44:04 PM **** Browser Launched ****
07/11/2022 11:44:04 PM **** Successfully Logged In ****
07/11/2022 11:44:15 PM **** User On Dashboard Page ****
07/11/2022 11:44:27 PM format 'Launch Browser' -> 'Launch Browser'
07/11/2022 11:44:27 PM format 'User Enter Valid Credentials' -> 'User Enter Valid Credentials'
07/11/2022 11:44:27 PM format 'User Click on Login Button' -> 'User Click on Login Button'
07/11/2022 11:44:27 PM format 'User Check Tutorial-point Logo' -> 'User Check Tutorial-point Logo'
07/11/2022 11:44:33 PM **** Browser Launched ****
07/11/2022 11:44:33 PM **** Successfully Logged In ****
07/11/2022 11:44:44 PM **** User On Dashboard Page ****
07/12/2022 02:38:56 PM format 'Launch Browser' -> 'Launch Browser'
07/12/2022 02:38:56 PM format 'User Enter Valid Credentials' -> 'User Enter Valid Credentials'
07/12/2022 02:38:56 PM format 'User Click on Login Button' -> 'User Click on Login Button'
07/12/2022 02:38:56 PM format 'User Check Tutorial-point Logo' -> 'User Check Tutorial-point Logo'
07/12/2022 02:39:04 PM **** Browser Launched ****
07/12/2022 02:39:04 PM **** Successfully Logged In ****
07/12/2022 02:39:15 PM **** User On Dashboard Page ****
07/12/2022 02:42:41 PM format 'Launch Browser' -> 'Launch Browser'
07/12/2022 02:42:41 PM format 'User Enter Valid Credentials' -> 'User Enter Valid Credentials'
07/12/2022 02:42:41 PM format 'User Click on Login Button' -> 'User Click on Login Button'
07/12/2022 02:42:41 PM format 'User Check Tutorial-point Logo' -> 'User Check Tutorial-point Logo'
07/12/2022 02:42:50 PM format 'Launch Browser' -> 'Launch Browser'
07/12/2022 02:42:50 PM format 'User Enter Valid Credentials' -> 'User Enter Valid Credentials'
07/12/2022 02:42:50 PM format 'User Click on Login Button' -> 'User Click on Login Button'
07/12/2022 02:42:50 PM format 'User Check Tutorial-point Logo' -> 'User Check Tutorial-point Logo'
07/12/2022 02:43:08 PM format 'Launch Browser' -> 'Launch Browser'
07/12/2022 02:43:08 PM format 'User Enter Valid Credentials' -> 'User Enter Valid Credentials'
07/12/2022 02:43:08 PM format 'User Click on Login Button' -> 'User Click on Login Button'
07/12/2022 02:43:08 PM format 'User Check Tutorial-point Logo' -> 'User Check Tutorial-point Logo'
07/12/2022 02:43:34 PM format 'Launch Browser' -> 'Launch Browser'
07/12/2022 02:43:34 PM format 'User Enter Valid Credentials' -> 'User Enter Valid Credentials'
07/12/2022 02:43:34 PM format 'User Click on Login Button' -> 'User Click on Login Button'
07/12/2022 02:43:34 PM format 'User Check Tutorial-point Logo' -> 'User Check Tutorial-point Logo'
07/12/2022 02:43:38 PM **** Browser Launched ****
07/12/2022 02:43:38 PM **** Successfully Logged In ****
07/12/2022 02:43:48 PM **** User On Dashboard Page ****
07/12/2022 03:53:06 PM format 'Launch Browser' -> 'Launch Browser'
07/12/2022 03:53:06 PM format 'User Enter Valid Credentials' -> 'User Enter Valid Credentials'
07/12/2022 03:53:06 PM format 'User Click on Login Button' -> 'User Click on Login Button'
07/12/2022 03:53:06 PM format 'User Check Tutorial-point Logo' -> 'User Check Tutorial-point Logo'
07/12/2022 03:53:11 PM **** Browser Launched ****
07/12/2022 03:53:11 PM **** Successfully Logged In ****
07/12/2022 03:53:22 PM **** User On Dashboard Page ****
07/12/2022 03:53:34 PM format 'Launch Browser' -> 'Launch Browser'
07/12/2022 03:53:34 PM format 'User Enter Valid Credentials' -> 'User Enter Valid Credentials'
07/12/2022 03:53:34 PM format 'User Click on Login Button' -> 'User Click on Login Button'
07/12/2022 03:53:34 PM format 'User Check Tutorial-point Logo' -> 'User Check Tutorial-point Logo'
07/12/2022 03:53:38 PM **** Browser Launched ****
07/12/2022 03:53:38 PM **** Successfully Logged In ****
07/12/2022 03:53:49 PM **** User On Dashboard Page ****
07/12/2022 11:44:42 PM format 'Launch Browser' -> 'Launch Browser'
07/12/2022 11:44:42 PM format 'User Enter Valid Credentials' -> 'User Enter Valid Credentials'
07/12/2022 11:44:42 PM format 'User Click on Login Button' -> 'User Click on Login Button'
07/12/2022 11:44:42 PM format 'User Check Tutorial-point Logo' -> 'User Check Tutorial-point Logo'
07/12/2022 11:44:49 PM **** Browser Launched ****
07/12/2022 11:44:49 PM **** Successfully Logged In ****
07/12/2022 11:45:00 PM **** User On Dashboard Page ****
07/12/2022 11:45:15 PM format 'Launch Browser' -> 'Launch Browser'
07/12/2022 11:45:15 PM format 'User Enter Valid Credentials' -> 'User Enter Valid Credentials'
07/12/2022 11:45:15 PM format 'User Click on Login Button' -> 'User Click on Login Button'
07/12/2022 11:45:15 PM format 'User Check Tutorial-point Logo' -> 'User Check Tutorial-point Logo'
07/12/2022 11:45:20 PM **** Browser Launched ****
07/12/2022 11:45:20 PM **** Successfully Logged In ****
07/12/2022 11:45:31 PM **** User On Dashboard Page ****
07/12/2022 11:53:00 PM format 'Launch Browser' -> 'Launch Browser'
07/12/2022 11:53:00 PM format 'User Enter Valid Credentials' -> 'User Enter Valid Credentials'
07/12/2022 11:53:00 PM format 'User Click on Login Button' -> 'User Click on Login Button'
07/12/2022 11:53:00 PM format 'User Check Tutorial-point Logo' -> 'User Check Tutorial-point Logo'
07/12/2022 11:53:05 PM **** Browser Launched ****
07/12/2022 11:53:05 PM **** Successfully Logged In ****
07/12/2022 11:53:16 PM **** User On Dashboard Page ****
07/12/2022 11:53:42 PM format 'Launch Browser' -> 'Launch Browser'
07/12/2022 11:53:42 PM format 'User Enter Valid Credentials' -> 'User Enter Valid Credentials'
07/12/2022 11:53:42 PM format 'User Click on Login Button' -> 'User Click on Login Button'
07/12/2022 11:53:42 PM format 'User Check Tutorial-point Logo' -> 'User Check Tutorial-point Logo'
07/12/2022 11:53:54 PM **** Browser Launched ****
07/12/2022 11:53:54 PM **** Successfully Logged In ****
07/12/2022 11:54:04 PM **** User On Dashboard Page ****
07/12/2022 11:55:53 PM format 'Launch Browser' -> 'Launch Browser'
07/12/2022 11:55:53 PM format 'User Enter Valid Credentials' -> 'User Enter Valid Credentials'
07/12/2022 11:55:53 PM format 'User Click on Login Button' -> 'User Click on Login Button'
07/12/2022 11:55:53 PM format 'User Check Tutorial-point Logo' -> 'User Check Tutorial-point Logo'
07/12/2022 11:55:58 PM **** Browser Launched ****
07/12/2022 11:55:58 PM **** Successfully Logged In ****
07/12/2022 11:56:09 PM **** User On Dashboard Page ****
07/13/2022 12:05:09 AM format 'Launch Browser' -> 'Launch Browser'
07/13/2022 12:05:09 AM format 'User Enter Valid Credentials' -> 'User Enter Valid Credentials'
07/13/2022 12:05:09 AM format 'User Click on Login Button' -> 'User Click on Login Button'
07/13/2022 12:05:09 AM format 'User Check Tutorial-point Logo' -> 'User Check Tutorial-point Logo'
07/13/2022 12:05:48 AM **** Browser Launched ****
07/13/2022 12:05:48 AM **** Successfully Logged In ****
07/13/2022 12:05:59 AM **** User On Dashboard Page ****
07/13/2022 12:09:48 AM format 'Launch Browser' -> 'Launch Browser'
07/13/2022 12:09:48 AM format 'User Enter Valid Credentials' -> 'User Enter Valid Credentials'
07/13/2022 12:09:48 AM format 'User Click on Login Button' -> 'User Click on Login Button'
07/13/2022 12:09:48 AM format 'User Check Tutorial-point Logo' -> 'User Check Tutorial-point Logo'
07/13/2022 12:10:15 AM **** Browser Launched ****
07/13/2022 12:10:15 AM **** Successfully Logged In ****
07/13/2022 12:10:26 AM **** User On Dashboard Page ****
07/13/2022 12:13:47 AM format 'Launch Browser' -> 'Launch Browser'
07/13/2022 12:13:47 AM format 'User Enter Valid Credentials' -> 'User Enter Valid Credentials'
07/13/2022 12:13:47 AM format 'User Click on Login Button' -> 'User Click on Login Button'
07/13/2022 12:13:47 AM format 'User Check Tutorial-point Logo' -> 'User Check Tutorial-point Logo'
07/13/2022 12:13:58 AM **** Browser Launched ****
07/13/2022 12:13:58 AM **** Successfully Logged In ****
07/13/2022 12:14:09 AM **** User On Dashboard Page ****
07/13/2022 12:14:59 AM format 'Launch Browser' -> 'Launch Browser'
07/13/2022 12:14:59 AM format 'User Enter Valid Credentials' -> 'User Enter Valid Credentials'
07/13/2022 12:14:59 AM format 'User Click on Login Button' -> 'User Click on Login Button'
07/13/2022 12:14:59 AM format 'User Check Tutorial-point Logo' -> 'User Check Tutorial-point Logo'
07/13/2022 12:15:05 AM **** Browser Launched ****
07/13/2022 12:15:05 AM **** Successfully Logged In ****
07/13/2022 12:15:15 AM **** User On Dashboard Page ****
07/13/2022 12:26:17 AM format 'Launch Browser' -> 'Launch Browser'
07/13/2022 12:26:17 AM format 'User Enter Valid Credentials' -> 'User Enter Valid Credentials'
07/13/2022 12:26:17 AM format 'User Click on Login Button' -> 'User Click on Login Button'
07/13/2022 12:26:17 AM format 'User Check Tutorial-point Logo' -> 'User Check Tutorial-point Logo'
07/13/2022 12:26:25 AM **** Browser Launched ****
07/13/2022 12:26:25 AM **** Successfully Logged In ****
07/13/2022 12:26:36 AM **** User On Dashboard Page ****
07/13/2022 12:26:58 AM format 'Launch Browser' -> 'Launch Browser'
07/13/2022 12:26:58 AM format 'User Enter Valid Credentials' -> 'User Enter Valid Credentials'
07/13/2022 12:26:58 AM format 'User Click on Login Button' -> 'User Click on Login Button'
07/13/2022 12:26:58 AM format 'User Check Tutorial-point Logo' -> 'User Check Tutorial-point Logo'
07/13/2022 12:27:13 AM **** Browser Launched ****
07/13/2022 12:27:13 AM **** Successfully Logged In ****
07/13/2022 12:27:24 AM **** User On Dashboard Page ****
07/13/2022 12:29:34 AM format 'Launch Browser' -> 'Launch Browser'
07/13/2022 12:29:34 AM format 'User Enter Valid Credentials' -> 'User Enter Valid Credentials'
07/13/2022 12:29:34 AM format 'User Click on Login Button' -> 'User Click on Login Button'
07/13/2022 12:29:34 AM format 'User Check Tutorial-point Logo' -> 'User Check Tutorial-point Logo'
07/13/2022 12:30:07 AM **** Browser Launched ****
07/13/2022 12:30:07 AM **** Successfully Logged In ****
07/13/2022 12:30:18 AM **** User On Dashboard Page ****
07/13/2022 12:31:12 AM format 'Launch Browser' -> 'Launch Browser'
07/13/2022 12:31:12 AM format 'User Enter Valid Credentials' -> 'User Enter Valid Credentials'
07/13/2022 12:31:12 AM format 'User Click on Login Button' -> 'User Click on Login Button'
07/13/2022 12:31:12 AM format 'User Check Tutorial-point Logo' -> 'User Check Tutorial-point Logo'
07/13/2022 12:31:48 AM **** Browser Launched ****
07/13/2022 12:31:48 AM **** Successfully Logged In ****
07/13/2022 12:31:58 AM **** User On Dashboard Page ****
07/13/2022 12:35:13 AM format 'Launch Browser' -> 'Launch Browser'
07/13/2022 12:35:13 AM format 'User Enter Valid Credentials' -> 'User Enter Valid Credentials'
07/13/2022 12:35:13 AM format 'User Click on Login Button' -> 'User Click on Login Button'
07/13/2022 12:35:13 AM format 'User Check Tutorial-point Logo' -> 'User Check Tutorial-point Logo'
07/13/2022 12:35:20 AM **** Browser Launched ****
07/13/2022 12:35:20 AM **** Successfully Logged In ****
07/13/2022 12:35:31 AM **** User On Dashboard Page ****
07/13/2022 12:35:58 AM format 'Launch Browser' -> 'Launch Browser'
07/13/2022 12:35:58 AM format 'User Enter Valid Credentials' -> 'User Enter Valid Credentials'
07/13/2022 12:35:58 AM format 'User Click on Login Button' -> 'User Click on Login Button'
07/13/2022 12:35:58 AM format 'User Check Tutorial-point Logo' -> 'User Check Tutorial-point Logo'
07/13/2022 12:36:11 AM **** Browser Launched ****
07/13/2022 12:36:11 AM **** Successfully Logged In ****
07/13/2022 12:36:21 AM **** User On Dashboard Page ****
07/13/2022 12:12:06 PM format 'Launch Browser' -> 'Launch Browser'
07/13/2022 12:12:06 PM format 'User Enter Valid Credentials' -> 'User Enter Valid Credentials'
07/13/2022 12:12:06 PM format 'User Click on Login Button' -> 'User Click on Login Button'
07/13/2022 12:12:06 PM format 'User Check Tutorial-point Logo' -> 'User Check Tutorial-point Logo'
07/13/2022 12:12:45 PM **** Browser Launched ****
07/13/2022 12:12:45 PM **** Successfully Logged In ****
07/13/2022 12:13:24 PM format 'Launch Browser' -> 'Launch Browser'
07/13/2022 12:13:24 PM format 'User Enter Valid Credentials' -> 'User Enter Valid Credentials'
07/13/2022 12:13:24 PM format 'User Click on Login Button' -> 'User Click on Login Button'
07/13/2022 12:13:24 PM format 'User Check Tutorial-point Logo' -> 'User Check Tutorial-point Logo'
07/13/2022 12:13:30 PM **** Browser Launched ****
07/13/2022 12:13:30 PM **** Successfully Logged In ****
07/13/2022 12:13:40 PM **** User On Dashboard Page ****
07/13/2022 12:14:42 PM format 'Launch Browser' -> 'Launch Browser'
07/13/2022 12:14:42 PM format 'User Enter Valid Credentials' -> 'User Enter Valid Credentials'
07/13/2022 12:14:42 PM format 'User Click on Login Button' -> 'User Click on Login Button'
07/13/2022 12:14:42 PM format 'User Check Tutorial-point Logo' -> 'User Check Tutorial-point Logo'
07/13/2022 12:14:46 PM **** Browser Launched ****
07/13/2022 12:14:46 PM **** Successfully Logged In ****
07/13/2022 12:14:57 PM **** User On Dashboard Page ****
07/13/2022 02:46:32 PM format 'Launch Browser' -> 'Launch Browser'
07/13/2022 02:47:10 PM format 'Launch Browser' -> 'Launch Browser'
07/13/2022 02:47:10 PM format 'User Enter Valid Credentials' -> 'User Enter Valid Credentials'
07/13/2022 02:47:10 PM format 'User Click on Login Button' -> 'User Click on Login Button'
07/13/2022 02:47:10 PM format 'User Check Tutorial-point Logo' -> 'User Check Tutorial-point Logo'
07/13/2022 02:47:16 PM **** Browser Launched ****
07/13/2022 02:47:16 PM **** Successfully Logged In ****
07/13/2022 02:47:26 PM **** User On Dashboard Page ****
07/13/2022 02:48:19 PM format 'Launch Browser' -> 'Launch Browser'
07/13/2022 02:48:19 PM format 'User Enter Valid Credentials' -> 'User Enter Valid Credentials'
07/13/2022 02:48:19 PM format 'User Click on Login Button' -> 'User Click on Login Button'
07/13/2022 02:48:19 PM format 'User Check Tutorial-point Logo' -> 'User Check Tutorial-point Logo'
07/13/2022 02:48:27 PM **** Browser Launched ****
07/13/2022 02:48:27 PM **** Successfully Logged In ****
07/13/2022 02:48:37 PM **** User On Dashboard Page ****
07/13/2022 02:54:44 PM format 'Launch Browser' -> 'Launch Browser'
07/13/2022 02:54:44 PM format 'User Enter Valid Credentials' -> 'User Enter Valid Credentials'
07/13/2022 02:54:44 PM format 'User Click on Login Button' -> 'User Click on Login Button'
07/13/2022 02:54:44 PM format 'User Check Tutorial-point Logo' -> 'User Check Tutorial-point Logo'
07/13/2022 02:54:48 PM **** Browser Launched ****
07/13/2022 02:54:48 PM **** Successfully Logged In ****
07/13/2022 02:54:59 PM **** User On Dashboard Page ****
07/13/2022 03:29:49 PM format 'Launch Browser' -> 'Launch Browser'
07/13/2022 03:29:49 PM format 'User Enter Valid Credentials' -> 'User Enter Valid Credentials'
07/13/2022 03:29:49 PM format 'User Click on Login Button' -> 'User Click on Login Button'
07/13/2022 03:29:49 PM format 'User Check Tutorial-point Logo' -> 'User Check Tutorial-point Logo'
07/13/2022 03:29:54 PM **** Browser Launched ****
07/13/2022 03:29:54 PM **** Successfully Logged In ****
07/13/2022 03:30:05 PM **** User On Dashboard Page ****
07/13/2022 03:32:01 PM format 'Launch Browser' -> 'Launch Browser'
07/13/2022 03:32:01 PM format 'User Enter Valid Credentials' -> 'User Enter Valid Credentials'
07/13/2022 03:32:01 PM format 'User Click on Login Button' -> 'User Click on Login Button'
07/13/2022 03:32:01 PM format 'User Check Tutorial-point Logo' -> 'User Check Tutorial-point Logo'
07/13/2022 03:32:05 PM **** Browser Launched ****
07/13/2022 03:32:05 PM **** Successfully Logged In ****
07/13/2022 03:32:16 PM **** User On Dashboard Page ****
07/13/2022 03:35:54 PM format 'Launch Browser' -> 'Launch Browser'
07/13/2022 03:35:54 PM format 'User Enter Valid Credentials' -> 'User Enter Valid Credentials'
07/13/2022 03:35:54 PM format 'User Click on Login Button' -> 'User Click on Login Button'
07/13/2022 03:35:54 PM format 'User Check Tutorial-point Logo' -> 'User Check Tutorial-point Logo'
07/13/2022 03:35:59 PM **** Browser Launched ****
07/13/2022 03:35:59 PM **** Successfully Logged In ****
07/13/2022 03:36:10 PM **** User On Dashboard Page ****
07/13/2022 03:38:01 PM format 'Launch Browser' -> 'Launch Browser'
07/13/2022 03:38:01 PM format 'User Enter Valid Credentials' -> 'User Enter Valid Credentials'
07/13/2022 03:38:01 PM format 'User Click on Login Button' -> 'User Click on Login Button'
07/13/2022 03:38:01 PM format 'User Check Tutorial-point Logo' -> 'User Check Tutorial-point Logo'
07/13/2022 03:38:06 PM **** Browser Launched ****
07/13/2022 03:38:06 PM **** Successfully Logged In ****
07/13/2022 03:38:16 PM **** User On Dashboard Page ****
07/13/2022 03:51:05 PM format 'Launch Browser' -> 'Launch Browser'
07/13/2022 03:51:05 PM format 'User Enter Valid Credentials' -> 'User Enter Valid Credentials'
07/13/2022 03:51:05 PM format 'User Click on Login Button' -> 'User Click on Login Button'
07/13/2022 03:51:05 PM format 'User Check Tutorial-point Logo' -> 'User Check Tutorial-point Logo'
07/13/2022 03:51:11 PM **** Browser Launched ****
07/13/2022 03:51:11 PM **** Successfully Logged In ****
07/13/2022 03:51:22 PM **** User On Dashboard Page ****
07/13/2022 03:53:36 PM format 'Launch Browser' -> 'Launch Browser'
07/13/2022 03:53:36 PM format 'User Enter Valid Credentials' -> 'User Enter Valid Credentials'
07/13/2022 03:53:36 PM format 'User Click on Login Button' -> 'User Click on Login Button'
07/13/2022 03:53:36 PM format 'User Check Tutorial-point Logo' -> 'User Check Tutorial-point Logo'
07/13/2022 03:53:41 PM **** Browser Launched ****
07/13/2022 03:53:41 PM **** Successfully Logged In ****
07/13/2022 03:53:52 PM **** User On Dashboard Page ****
